<?xml version="1.0" encoding="UTF-8"?>
<!-- Generated by org.testng.reporters.JUnitReportReporter -->
<testsuite hostname="DESKTOP-03O7N3O" failures="0" tests="1" name="example1.Sample2Test" time="0.001" errors="0" timestamp="2023-05-30T18:07:08 IST" skipped="0">
  <testcase classname="example1.Sample2Test" name="test2" time="0.001"/>
</testsuite> <!-- example1.Sample2Test -->
